0 verbose cli F:\Node\node.exe C:\Users\admin\AppData\Roaming\npm\node_modules\npm\bin\npm-cli.js
1 info using npm@11.2.0
2 info using node@v22.14.0
3 silly config load:file:C:\Users\admin\AppData\Roaming\npm\node_modules\npm\npmrc
4 silly config load:file:F:\Hub\.npmrc
5 silly config load:file:C:\Users\admin\.npmrc
6 silly config load:file:C:\Users\admin\AppData\Roaming\npm\etc\npmrc
7 verbose title npm update
8 verbose argv "update" "--cache" "F:\\Updates\\npm-cache"
9 verbose logfile logs-max:10 dir:F:\Updates\npm-cache\_logs\2026-07-04T22_19_28_955Z-
10 verbose logfile F:\Updates\npm-cache\_logs\2026-07-04T22_19_28_955Z-debug-0.log
11 silly logfile done cleaning log files
12 silly packumentCache heap:4345298944 maxSize:1086324736 maxEntrySize:543162368
13 silly idealTree buildDeps
14 silly fetch manifest express@^5.2.1
15 silly packumentCache full:https://registry.npmjs.org/express cache-miss
16 http fetch GET 200 https://registry.npmjs.org/npm 268ms
17 http fetch GET 200 https://registry.npmjs.org/express 607ms (cache miss)
18 silly packumentCache full:https://registry.npmjs.org/express set size:undefined disposed:false
19 silly fetch manifest socket.io-client@^4.8.3
20 silly packumentCache full:https://registry.npmjs.org/socket.io-client cache-miss
21 http fetch GET 200 https://registry.npmjs.org/socket.io-client 436ms (cache miss)
22 silly packumentCache full:https://registry.npmjs.org/socket.io-client set size:undefined disposed:false
23 silly placeDep ROOT express@5.2.1 OK for: minecraft-bot-starter@1.0.0 want: ^5.2.1
24 silly placeDep ROOT socket.io-client@4.8.3 OK for: minecraft-bot-starter@1.0.0 want: ^4.8.3
25 silly fetch manifest qs@^6.14.0
26 silly packumentCache full:https://registry.npmjs.org/qs cache-miss
27 silly fetch manifest depd@^2.0.0
28 silly packumentCache full:https://registry.npmjs.org/depd cache-miss
29 silly fetch manifest etag@^1.8.1
30 silly packumentCache full:https://registry.npmjs.org/etag cache-miss
31 silly fetch manifest once@^1.4.0
32 silly packumentCache full:https://registry.npmjs.org/once cache-miss
33 silly fetch manifest send@^1.1.0
34 silly packumentCache full:https://registry.npmjs.org/send cache-miss
35 silly fetch manifest vary@^1.1.2
36 silly packumentCache full:https://registry.npmjs.org/vary cache-miss
37 silly fetch manifest debug@^4.4.0
38 silly packumentCache full:https://registry.npmjs.org/debug cache-miss
39 silly fetch manifest fresh@^2.0.0
40 silly packumentCache full:https://registry.npmjs.org/fresh cache-miss
41 silly fetch manifest cookie@^0.7.1
42 silly packumentCache full:https://registry.npmjs.org/cookie cache-miss
43 silly fetch manifest router@^2.2.0
44 silly packumentCache full:https://registry.npmjs.org/router cache-miss
45 silly fetch manifest accepts@^2.0.0
46 silly packumentCache full:https://registry.npmjs.org/accepts cache-miss
47 http fetch GET 200 https://registry.npmjs.org/depd 961ms (cache miss)
48 silly packumentCache full:https://registry.npmjs.org/depd set size:undefined disposed:false
49 silly fetch manifest type-is@^2.0.1
50 silly packumentCache full:https://registry.npmjs.org/type-is cache-miss
51 http fetch GET 200 https://registry.npmjs.org/vary 2960ms (cache miss)
52 silly packumentCache full:https://registry.npmjs.org/vary set size:undefined disposed:false
53 silly fetch manifest parseurl@^1.3.3
54 silly packumentCache full:https://registry.npmjs.org/parseurl cache-miss
55 http fetch GET 200 https://registry.npmjs.org/etag 2963ms (cache miss)
56 silly packumentCache full:https://registry.npmjs.org/etag set size:undefined disposed:false
57 silly fetch manifest statuses@^2.0.1
58 silly packumentCache full:https://registry.npmjs.org/statuses cache-miss
59 http fetch GET 200 https://registry.npmjs.org/once 2983ms (cache miss)
60 silly packumentCache full:https://registry.npmjs.org/once set size:undefined disposed:false
61 silly fetch manifest encodeurl@^2.0.0
62 silly packumentCache full:https://registry.npmjs.org/encodeurl cache-miss
63 http fetch GET 200 https://registry.npmjs.org/fresh 3001ms (cache miss)
64 silly packumentCache full:https://registry.npmjs.org/fresh set size:undefined disposed:false
65 silly fetch manifest mime-types@^3.0.0
66 silly packumentCache full:https://registry.npmjs.org/mime-types cache-miss
67 http fetch GET 200 https://registry.npmjs.org/accepts 3296ms (cache miss)
68 silly packumentCache full:https://registry.npmjs.org/accepts set size:undefined disposed:false
69 silly fetch manifest proxy-addr@^2.0.7
70 silly packumentCache full:https://registry.npmjs.org/proxy-addr cache-miss
71 http fetch GET 200 https://registry.npmjs.org/qs 3414ms (cache miss)
72 silly packumentCache full:https://registry.npmjs.org/qs set size:undefined disposed:false
73 silly fetch manifest body-parser@^2.2.1
74 silly packumentCache full:https://registry.npmjs.org/body-parser cache-miss
75 http fetch GET 200 https://registry.npmjs.org/cookie 3431ms (cache miss)
76 silly packumentCache full:https://registry.npmjs.org/cookie set size:undefined disposed:false
77 silly fetch manifest escape-html@^1.0.3
78 silly packumentCache full:https://registry.npmjs.org/escape-html cache-miss
79 http fetch GET 200 https://registry.npmjs.org/send 3888ms (cache miss)
80 silly packumentCache full:https://registry.npmjs.org/send set size:undefined disposed:false
81 silly fetch manifest http-errors@^2.0.0
82 silly packumentCache full:https://registry.npmjs.org/http-errors cache-miss
83 http fetch GET 200 https://registry.npmjs.org/router 3977ms (cache miss)
84 silly packumentCache full:https://registry.npmjs.org/router set size:undefined disposed:false
85 silly fetch manifest on-finished@^2.4.1
86 silly packumentCache full:https://registry.npmjs.org/on-finished cache-miss
87 http fetch GET 200 https://registry.npmjs.org/type-is 3637ms (cache miss)
88 silly packumentCache full:https://registry.npmjs.org/type-is set size:undefined disposed:false
89 silly fetch manifest content-type@^1.0.5
90 silly packumentCache full:https://registry.npmjs.org/content-type cache-miss
91 http fetch GET 200 https://registry.npmjs.org/parseurl 1904ms (cache miss)
92 silly packumentCache full:https://registry.npmjs.org/parseurl set size:undefined disposed:false
93 silly fetch manifest finalhandler@^2.1.0
94 silly packumentCache full:https://registry.npmjs.org/finalhandler cache-miss
95 http fetch GET 200 https://registry.npmjs.org/encodeurl 1922ms (cache miss)
96 silly packumentCache full:https://registry.npmjs.org/encodeurl set size:undefined disposed:false
97 silly fetch manifest range-parser@^1.2.1
98 silly packumentCache full:https://registry.npmjs.org/range-parser cache-miss
99 http fetch GET 200 https://registry.npmjs.org/statuses 2218ms (cache miss)
100 silly packumentCache full:https://registry.npmjs.org/statuses set size:undefined disposed:false
101 silly fetch manifest serve-static@^2.2.0
102 silly packumentCache full:https://registry.npmjs.org/serve-static cache-miss
103 http fetch GET 200 https://registry.npmjs.org/debug 5280ms (cache miss)
104 silly packumentCache full:https://registry.npmjs.org/debug set size:undefined disposed:false
105 silly fetch manifest cookie-signature@^1.2.1
106 silly packumentCache full:https://registry.npmjs.org/cookie-signature cache-miss
107 http fetch GET 200 https://registry.npmjs.org/escape-html 1850ms (cache miss)
108 silly packumentCache full:https://registry.npmjs.org/escape-html set size:undefined disposed:false
109 silly fetch manifest merge-descriptors@^2.0.0
110 silly packumentCache full:https://registry.npmjs.org/merge-descriptors cache-miss
111 http fetch GET 200 https://registry.npmjs.org/proxy-addr 2604ms (cache miss)
112 silly packumentCache full:https://registry.npmjs.org/proxy-addr set size:undefined disposed:false
113 silly fetch manifest content-disposition@^1.0.0
114 silly packumentCache full:https://registry.npmjs.org/content-disposition cache-miss
115 http fetch GET 200 https://registry.npmjs.org/mime-types 3053ms (cache miss)
116 silly packumentCache full:https://registry.npmjs.org/mime-types set size:undefined disposed:false
117 silly fetch manifest @socket.io/component-emitter@~3.1.0
118 silly packumentCache full:https://registry.npmjs.org/@socket.io%2fcomponent-emitter cache-miss
119 http fetch GET 200 https://registry.npmjs.org/on-finished 7434ms (cache miss)
120 silly packumentCache full:https://registry.npmjs.org/on-finished set size:undefined disposed:false
121 silly fetch manifest debug@~4.4.1
122 silly packumentCache full:https://registry.npmjs.org/debug cache-miss
123 http fetch GET 200 https://registry.npmjs.org/http-errors 7997ms (cache miss)
124 silly packumentCache full:https://registry.npmjs.org/http-errors set size:undefined disposed:false
125 silly fetch manifest engine.io-client@~6.6.1
126 silly packumentCache full:https://registry.npmjs.org/engine.io-client cache-miss
127 http fetch GET 200 https://registry.npmjs.org/content-type 7804ms (cache miss)
128 silly packumentCache full:https://registry.npmjs.org/content-type set size:undefined disposed:false
129 silly fetch manifest socket.io-parser@~4.2.4
130 silly packumentCache full:https://registry.npmjs.org/socket.io-parser cache-miss
131 http fetch GET 200 https://registry.npmjs.org/range-parser 7764ms (cache miss)
132 silly packumentCache full:https://registry.npmjs.org/range-parser set size:undefined disposed:false
133 http fetch GET 200 https://registry.npmjs.org/body-parser 9427ms (cache miss)
134 silly packumentCache full:https://registry.npmjs.org/body-parser set size:undefined disposed:false
135 http fetch GET 200 https://registry.npmjs.org/finalhandler 8110ms (cache miss)
136 silly packumentCache full:https://registry.npmjs.org/finalhandler set size:undefined disposed:false
137 http fetch GET 200 https://registry.npmjs.org/cookie-signature 7740ms (cache miss)
138 silly packumentCache full:https://registry.npmjs.org/cookie-signature set size:undefined disposed:false
139 http fetch GET 200 https://registry.npmjs.org/merge-descriptors 7739ms (cache miss)
140 silly packumentCache full:https://registry.npmjs.org/merge-descriptors set size:undefined disposed:false
141 http cache https://registry.npmjs.org/debug 1686ms (cache hit)
142 silly packumentCache full:https://registry.npmjs.org/debug set size:195840 disposed:false
143 http fetch GET 200 https://registry.npmjs.org/serve-static 7994ms (cache miss)
144 silly packumentCache full:https://registry.npmjs.org/serve-static set size:undefined disposed:false
145 http fetch GET 200 https://registry.npmjs.org/@socket.io%2fcomponent-emitter 7118ms (cache miss)
146 silly packumentCache full:https://registry.npmjs.org/@socket.io%2fcomponent-emitter set size:undefined disposed:false
147 http fetch GET 200 https://registry.npmjs.org/content-disposition 7288ms (cache miss)
148 silly packumentCache full:https://registry.npmjs.org/content-disposition set size:undefined disposed:false
149 http fetch GET 200 https://registry.npmjs.org/engine.io-client 1945ms (cache miss)
150 silly packumentCache full:https://registry.npmjs.org/engine.io-client set size:undefined disposed:false
151 http fetch GET 200 https://registry.npmjs.org/socket.io-parser 1435ms (cache miss)
152 silly packumentCache full:https://registry.npmjs.org/socket.io-parser set size:undefined disposed:false
153 silly placeDep ROOT accepts@2.0.0 OK for: express@5.2.1 want: ^2.0.0
154 silly placeDep ROOT body-parser@2.3.0 OK for: express@5.2.1 want: ^2.2.1
155 silly placeDep ROOT content-disposition@1.1.0 OK for: express@5.2.1 want: ^1.0.0
156 silly placeDep ROOT content-type@1.0.5 OK for: express@5.2.1 want: ^1.0.5
157 silly placeDep ROOT cookie@0.7.2 OK for: express@5.2.1 want: ^0.7.1
158 silly placeDep ROOT cookie-signature@1.2.2 OK for: express@5.2.1 want: ^1.2.1
159 silly placeDep ROOT debug@4.4.3 OK for: express@5.2.1 want: ^4.4.0
160 silly placeDep ROOT depd@2.0.0 OK for: express@5.2.1 want: ^2.0.0
161 silly placeDep ROOT encodeurl@2.0.0 OK for: express@5.2.1 want: ^2.0.0
162 silly placeDep ROOT escape-html@1.0.3 OK for: express@5.2.1 want: ^1.0.3
163 silly placeDep ROOT etag@1.8.1 OK for: express@5.2.1 want: ^1.8.1
164 silly placeDep ROOT finalhandler@2.1.1 OK for: express@5.2.1 want: ^2.1.0
165 silly placeDep ROOT fresh@2.0.0 OK for: express@5.2.1 want: ^2.0.0
166 silly placeDep ROOT http-errors@2.0.1 OK for: express@5.2.1 want: ^2.0.0
167 silly placeDep ROOT merge-descriptors@2.0.0 OK for: express@5.2.1 want: ^2.0.0
168 silly placeDep ROOT mime-types@3.0.2 OK for: express@5.2.1 want: ^3.0.0
169 silly placeDep ROOT on-finished@2.4.1 OK for: express@5.2.1 want: ^2.4.1
170 silly placeDep ROOT once@1.4.0 OK for: express@5.2.1 want: ^1.4.0
171 silly placeDep ROOT parseurl@1.3.3 OK for: express@5.2.1 want: ^1.3.3
172 silly placeDep ROOT proxy-addr@2.0.7 OK for: express@5.2.1 want: ^2.0.7
173 silly placeDep ROOT qs@6.15.3 OK for: express@5.2.1 want: ^6.14.0
174 silly placeDep ROOT range-parser@1.3.0 OK for: express@5.2.1 want: ^1.2.1
175 silly placeDep ROOT router@2.2.0 OK for: express@5.2.1 want: ^2.2.0
176 silly placeDep ROOT send@1.2.1 OK for: express@5.2.1 want: ^1.1.0
177 silly placeDep ROOT serve-static@2.2.1 OK for: express@5.2.1 want: ^2.2.0
178 silly placeDep ROOT statuses@2.0.2 OK for: express@5.2.1 want: ^2.0.1
179 silly placeDep ROOT type-is@2.1.0 OK for: express@5.2.1 want: ^2.0.1
180 silly placeDep ROOT vary@1.1.2 OK for: express@5.2.1 want: ^1.1.2
181 silly fetch manifest negotiator@^1.0.0
182 silly packumentCache full:https://registry.npmjs.org/negotiator cache-miss
183 silly fetch manifest bytes@^3.1.2
184 silly packumentCache full:https://registry.npmjs.org/bytes cache-miss
185 silly fetch manifest content-type@^2.0.0
186 silly packumentCache full:https://registry.npmjs.org/content-type cache-miss
187 silly fetch manifest debug@^4.4.3
188 silly packumentCache full:https://registry.npmjs.org/debug cache-hit
189 silly fetch manifest http-errors@^2.0.1
190 silly packumentCache full:https://registry.npmjs.org/http-errors cache-miss
191 silly fetch manifest iconv-lite@^0.7.2
192 silly packumentCache full:https://registry.npmjs.org/iconv-lite cache-miss
193 silly fetch manifest qs@^6.15.2
194 silly packumentCache full:https://registry.npmjs.org/qs cache-miss
195 silly fetch manifest raw-body@^3.0.2
196 silly packumentCache full:https://registry.npmjs.org/raw-body cache-miss
197 silly fetch manifest type-is@^2.1.0
198 silly packumentCache full:https://registry.npmjs.org/type-is cache-miss
199 silly fetch manifest ms@^2.1.3
200 silly packumentCache full:https://registry.npmjs.org/ms cache-miss
201 silly fetch manifest inherits@~2.0.4
202 silly packumentCache full:https://registry.npmjs.org/inherits cache-miss
203 silly fetch manifest setprototypeof@~1.2.0
204 silly packumentCache full:https://registry.npmjs.org/setprototypeof cache-miss
205 http cache https://registry.npmjs.org/http-errors 612ms (cache hit)
206 silly packumentCache full:https://registry.npmjs.org/http-errors set size:71987 disposed:false
207 silly fetch manifest statuses@~2.0.2
208 silly packumentCache full:https://registry.npmjs.org/statuses cache-miss
209 http cache https://registry.npmjs.org/type-is 666ms (cache hit)
210 silly packumentCache full:https://registry.npmjs.org/type-is set size:88614 disposed:false
211 silly fetch manifest toidentifier@~1.0.1
212 silly packumentCache full:https://registry.npmjs.org/toidentifier cache-miss
213 http cache https://registry.npmjs.org/qs 676ms (cache hit)
214 silly packumentCache full:https://registry.npmjs.org/qs set size:360318 disposed:false
215 silly fetch manifest mime-db@^1.54.0
216 silly packumentCache full:https://registry.npmjs.org/mime-db cache-miss
217 http cache https://registry.npmjs.org/content-type 692ms (cache hit)
218 silly packumentCache full:https://registry.npmjs.org/content-type set size:18994 disposed:false
219 silly fetch manifest ee-first@1.1.1
220 silly packumentCache full:https://registry.npmjs.org/ee-first cache-miss
221 http fetch GET 200 https://registry.npmjs.org/setprototypeof 1329ms (cache miss)
222 silly packumentCache full:https://registry.npmjs.org/setprototypeof set size:undefined disposed:false
223 silly fetch manifest wrappy@1
224 silly packumentCache full:https://registry.npmjs.org/wrappy cache-miss
225 http fetch GET 200 https://registry.npmjs.org/inherits 1630ms (cache miss)
226 silly packumentCache full:https://registry.npmjs.org/inherits set size:undefined disposed:false
227 silly fetch manifest forwarded@0.2.0
228 silly packumentCache full:https://registry.npmjs.org/forwarded cache-miss
229 http fetch GET 200 https://registry.npmjs.org/bytes 1644ms (cache miss)
230 silly packumentCache full:https://registry.npmjs.org/bytes set size:undefined disposed:false
231 silly fetch manifest ipaddr.js@1.9.1
232 silly packumentCache full:https://registry.npmjs.org/ipaddr.js cache-miss
233 http fetch GET 200 https://registry.npmjs.org/negotiator 1908ms (cache miss)
234 silly packumentCache full:https://registry.npmjs.org/negotiator set size:undefined disposed:false
235 silly fetch manifest side-channel@^1.1.1
236 silly packumentCache full:https://registry.npmjs.org/side-channel cache-miss
237 http fetch GET 200 https://registry.npmjs.org/ms 1904ms (cache miss)
238 silly packumentCache full:https://registry.npmjs.org/ms set size:undefined disposed:false
239 silly fetch manifest es-define-property@^1.0.1
240 silly packumentCache full:https://registry.npmjs.org/es-define-property cache-miss
241 http fetch GET 200 https://registry.npmjs.org/iconv-lite 1995ms (cache miss)
242 silly packumentCache full:https://registry.npmjs.org/iconv-lite set size:undefined disposed:false
243 silly fetch manifest is-promise@^4.0.0
244 silly packumentCache full:https://registry.npmjs.org/is-promise cache-miss
245 http cache https://registry.npmjs.org/statuses 1413ms (cache hit)
246 silly packumentCache full:https://registry.npmjs.org/statuses set size:37117 disposed:false
247 silly fetch manifest path-to-regexp@^8.0.0
248 silly packumentCache full:https://registry.npmjs.org/path-to-regexp cache-miss
249 http fetch GET 200 https://registry.npmjs.org/raw-body 2518ms (cache miss)
250 silly packumentCache full:https://registry.npmjs.org/raw-body set size:undefined disposed:false
251 silly fetch manifest statuses@^2.0.2
252 silly packumentCache full:https://registry.npmjs.org/statuses cache-hit
253 silly fetch manifest media-typer@^1.1.0
254 silly packumentCache full:https://registry.npmjs.org/media-typer cache-miss
255 http fetch GET 200 https://registry.npmjs.org/ee-first 1835ms (cache miss)
256 silly packumentCache full:https://registry.npmjs.org/ee-first set size:undefined disposed:false
257 http fetch GET 200 https://registry.npmjs.org/toidentifier 1867ms (cache miss)
258 silly packumentCache full:https://registry.npmjs.org/toidentifier set size:undefined disposed:false
259 http fetch GET 200 https://registry.npmjs.org/wrappy 1673ms (cache miss)
260 silly packumentCache full:https://registry.npmjs.org/wrappy set size:undefined disposed:false
261 http fetch GET 200 https://registry.npmjs.org/forwarded 1650ms (cache miss)
262 silly packumentCache full:https://registry.npmjs.org/forwarded set size:undefined disposed:false
263 http fetch GET 200 https://registry.npmjs.org/mime-db 2668ms (cache miss)
264 silly packumentCache full:https://registry.npmjs.org/mime-db set size:undefined disposed:false
265 http fetch GET 200 https://registry.npmjs.org/ipaddr.js 2100ms (cache miss)
266 silly packumentCache full:https://registry.npmjs.org/ipaddr.js set size:undefined disposed:false
267 http fetch GET 200 https://registry.npmjs.org/es-define-property 1842ms (cache miss)
268 silly packumentCache full:https://registry.npmjs.org/es-define-property set size:undefined disposed:false
269 http fetch GET 200 https://registry.npmjs.org/side-channel 1894ms (cache miss)
270 silly packumentCache full:https://registry.npmjs.org/side-channel set size:undefined disposed:false
271 http fetch GET 200 https://registry.npmjs.org/is-promise 1875ms (cache miss)
272 silly packumentCache full:https://registry.npmjs.org/is-promise set size:undefined disposed:false
273 http fetch GET 200 https://registry.npmjs.org/media-typer 1421ms (cache miss)
274 silly packumentCache full:https://registry.npmjs.org/media-typer set size:undefined disposed:false
275 http fetch GET 200 https://registry.npmjs.org/path-to-regexp 2010ms (cache miss)
276 silly packumentCache full:https://registry.npmjs.org/path-to-regexp set size:undefined disposed:false
277 silly placeDep ROOT negotiator@1.0.0 OK for: accepts@2.0.0 want: ^1.0.0
278 silly placeDep ROOT bytes@3.1.2 OK for: body-parser@2.3.0 want: ^3.1.2
279 silly placeDep node_modules/body-parser content-type@2.0.0 OK for: body-parser@2.3.0 want: ^2.0.0
280 silly placeDep ROOT iconv-lite@0.7.3 OK for: body-parser@2.3.0 want: ^0.7.2
281 silly placeDep ROOT raw-body@3.0.2 OK for: body-parser@2.3.0 want: ^3.0.2
282 silly fetch manifest safer-buffer@>= 2.1.2 < 3.0.0
283 silly packumentCache full:https://registry.npmjs.org/safer-buffer cache-miss
284 silly fetch manifest unpipe@~1.0.0
285 silly packumentCache full:https://registry.npmjs.org/unpipe cache-miss
286 http fetch GET 200 https://registry.npmjs.org/unpipe 468ms (cache miss)
287 silly packumentCache full:https://registry.npmjs.org/unpipe set size:undefined disposed:false
288 http fetch GET 200 https://registry.npmjs.org/safer-buffer 478ms (cache miss)
289 silly packumentCache full:https://registry.npmjs.org/safer-buffer set size:undefined disposed:false
290 silly placeDep ROOT ms@2.1.3 OK for: debug@4.4.3 want: ^2.1.3
291 silly placeDep ROOT inherits@2.0.4 OK for: http-errors@2.0.1 want: ~2.0.4
292 silly placeDep ROOT setprototypeof@1.2.0 OK for: http-errors@2.0.1 want: ~1.2.0
293 silly placeDep ROOT toidentifier@1.0.1 OK for: http-errors@2.0.1 want: ~1.0.1
294 silly placeDep ROOT safer-buffer@2.1.2 OK for: iconv-lite@0.7.3 want: >= 2.1.2 < 3.0.0
295 silly placeDep ROOT mime-db@1.54.0 OK for: mime-types@3.0.2 want: ^1.54.0
296 silly placeDep ROOT ee-first@1.1.1 OK for: on-finished@2.4.1 want: 1.1.1
297 silly placeDep ROOT wrappy@1.0.2 OK for: once@1.4.0 want: 1
298 silly placeDep ROOT forwarded@0.2.0 OK for: proxy-addr@2.0.7 want: 0.2.0
299 silly placeDep ROOT ipaddr.js@1.9.1 OK for: proxy-addr@2.0.7 want: 1.9.1
300 silly placeDep ROOT es-define-property@1.0.1 OK for: qs@6.15.3 want: ^1.0.1
301 silly placeDep ROOT side-channel@1.1.1 OK for: qs@6.15.3 want: ^1.1.1
302 silly fetch manifest es-errors@^1.3.0
303 silly packumentCache full:https://registry.npmjs.org/es-errors cache-miss
304 silly fetch manifest object-inspect@^1.13.4
305 silly packumentCache full:https://registry.npmjs.org/object-inspect cache-miss
306 silly fetch manifest side-channel-list@^1.0.1
307 silly packumentCache full:https://registry.npmjs.org/side-channel-list cache-miss
308 silly fetch manifest side-channel-map@^1.0.1
309 silly packumentCache full:https://registry.npmjs.org/side-channel-map cache-miss
310 silly fetch manifest side-channel-weakmap@^1.0.2
311 silly packumentCache full:https://registry.npmjs.org/side-channel-weakmap cache-miss
312 http fetch GET 200 https://registry.npmjs.org/side-channel-list 5013ms (cache miss)
313 silly packumentCache full:https://registry.npmjs.org/side-channel-list set size:undefined disposed:false
314 http fetch GET 200 https://registry.npmjs.org/es-errors 5055ms (cache miss)
315 silly packumentCache full:https://registry.npmjs.org/es-errors set size:undefined disposed:false
316 http fetch GET 200 https://registry.npmjs.org/object-inspect 5164ms (cache miss)
317 silly packumentCache full:https://registry.npmjs.org/object-inspect set size:undefined disposed:false
318 http fetch GET 200 https://registry.npmjs.org/side-channel-weakmap 5260ms (cache miss)
319 silly packumentCache full:https://registry.npmjs.org/side-channel-weakmap set size:undefined disposed:false
320 http fetch GET 200 https://registry.npmjs.org/side-channel-map 5263ms (cache miss)
321 silly packumentCache full:https://registry.npmjs.org/side-channel-map set size:undefined disposed:false
322 silly placeDep ROOT unpipe@1.0.0 OK for: raw-body@3.0.2 want: ~1.0.0
323 silly placeDep ROOT is-promise@4.0.0 OK for: router@2.2.0 want: ^4.0.0
324 silly placeDep ROOT path-to-regexp@8.4.2 OK for: router@2.2.0 want: ^8.0.0
325 silly placeDep ROOT es-errors@1.3.0 OK for: side-channel@1.1.1 want: ^1.3.0
326 silly placeDep ROOT object-inspect@1.13.4 OK for: side-channel@1.1.1 want: ^1.13.4
327 silly placeDep ROOT side-channel-list@1.0.1 OK for: side-channel@1.1.1 want: ^1.0.1
328 silly placeDep ROOT side-channel-map@1.0.1 OK for: side-channel@1.1.1 want: ^1.0.1
329 silly placeDep ROOT side-channel-weakmap@1.0.2 OK for: side-channel@1.1.1 want: ^1.0.2
330 silly fetch manifest call-bound@^1.0.2
331 silly packumentCache full:https://registry.npmjs.org/call-bound cache-miss
332 silly fetch manifest get-intrinsic@^1.2.5
333 silly packumentCache full:https://registry.npmjs.org/get-intrinsic cache-miss
334 silly fetch manifest call-bound@^1.0.2
335 silly packumentCache full:https://registry.npmjs.org/call-bound cache-miss
336 silly fetch manifest get-intrinsic@^1.2.5
337 silly packumentCache full:https://registry.npmjs.org/get-intrinsic cache-miss
338 http fetch GET 200 https://registry.npmjs.org/call-bound 420ms (cache miss)
339 silly packumentCache full:https://registry.npmjs.org/call-bound set size:undefined disposed:false
340 http fetch GET 200 https://registry.npmjs.org/get-intrinsic 461ms (cache miss)
341 silly packumentCache full:https://registry.npmjs.org/get-intrinsic set size:undefined disposed:false
342 http fetch GET 200 https://registry.npmjs.org/get-intrinsic 468ms (cache miss)
343 silly packumentCache full:https://registry.npmjs.org/get-intrinsic set size:undefined disposed:false
344 http fetch GET 200 https://registry.npmjs.org/call-bound 477ms (cache miss)
345 silly packumentCache full:https://registry.npmjs.org/call-bound set size:undefined disposed:false
346 silly placeDep ROOT call-bound@1.0.4 OK for: side-channel-map@1.0.1 want: ^1.0.2
347 silly placeDep ROOT get-intrinsic@1.3.0 OK for: side-channel-map@1.0.1 want: ^1.2.5
348 silly fetch manifest call-bind-apply-helpers@^1.0.2
349 silly packumentCache full:https://registry.npmjs.org/call-bind-apply-helpers cache-miss
350 silly fetch manifest get-intrinsic@^1.3.0
351 silly packumentCache full:https://registry.npmjs.org/get-intrinsic cache-miss
352 silly fetch manifest gopd@^1.2.0
353 silly packumentCache full:https://registry.npmjs.org/gopd cache-miss
354 silly fetch manifest hasown@^2.0.2
355 silly packumentCache full:https://registry.npmjs.org/hasown cache-miss
356 silly fetch manifest get-proto@^1.0.1
357 silly packumentCache full:https://registry.npmjs.org/get-proto cache-miss
358 silly fetch manifest has-symbols@^1.1.0
359 silly packumentCache full:https://registry.npmjs.org/has-symbols cache-miss
360 silly fetch manifest function-bind@^1.1.2
361 silly packumentCache full:https://registry.npmjs.org/function-bind cache-miss
362 silly fetch manifest es-object-atoms@^1.1.1
363 silly packumentCache full:https://registry.npmjs.org/es-object-atoms cache-miss
364 silly fetch manifest math-intrinsics@^1.1.0
365 silly packumentCache full:https://registry.npmjs.org/math-intrinsics cache-miss
366 silly fetch manifest call-bind-apply-helpers@^1.0.2
367 silly packumentCache full:https://registry.npmjs.org/call-bind-apply-helpers cache-miss
368 http cache https://registry.npmjs.org/get-intrinsic 620ms (cache hit)
369 silly packumentCache full:https://registry.npmjs.org/get-intrinsic set size:60985 disposed:false
370 http fetch GET 200 https://registry.npmjs.org/get-proto 1000ms (cache miss)
371 silly packumentCache full:https://registry.npmjs.org/get-proto set size:undefined disposed:false
372 http fetch GET 200 https://registry.npmjs.org/gopd 1232ms (cache miss)
373 silly packumentCache full:https://registry.npmjs.org/gopd set size:undefined disposed:false
374 http fetch GET 200 https://registry.npmjs.org/hasown 1252ms (cache miss)
375 silly packumentCache full:https://registry.npmjs.org/hasown set size:undefined disposed:false
376 http fetch GET 200 https://registry.npmjs.org/es-object-atoms 1264ms (cache miss)
377 silly packumentCache full:https://registry.npmjs.org/es-object-atoms set size:undefined disposed:false
378 http fetch GET 200 https://registry.npmjs.org/function-bind 1291ms (cache miss)
379 silly packumentCache full:https://registry.npmjs.org/function-bind set size:undefined disposed:false
380 http fetch GET 200 https://registry.npmjs.org/has-symbols 1301ms (cache miss)
381 silly packumentCache full:https://registry.npmjs.org/has-symbols set size:undefined disposed:false
382 http fetch GET 200 https://registry.npmjs.org/math-intrinsics 1346ms (cache miss)
383 silly packumentCache full:https://registry.npmjs.org/math-intrinsics set size:undefined disposed:false
384 http fetch GET 200 https://registry.npmjs.org/call-bind-apply-helpers 1443ms (cache miss)
385 silly packumentCache full:https://registry.npmjs.org/call-bind-apply-helpers set size:undefined disposed:false
386 http fetch GET 200 https://registry.npmjs.org/call-bind-apply-helpers 1476ms (cache miss)
387 silly packumentCache full:https://registry.npmjs.org/call-bind-apply-helpers set size:undefined disposed:false
388 silly placeDep ROOT call-bind-apply-helpers@1.0.2 OK for: call-bound@1.0.4 want: ^1.0.2
389 silly placeDep ROOT function-bind@1.1.2 OK for: call-bind-apply-helpers@1.0.2 want: ^1.1.2
390 silly placeDep ROOT es-object-atoms@1.1.2 OK for: get-intrinsic@1.3.0 want: ^1.1.1
391 silly placeDep ROOT get-proto@1.0.1 OK for: get-intrinsic@1.3.0 want: ^1.0.1
392 silly placeDep ROOT gopd@1.2.0 OK for: get-intrinsic@1.3.0 want: ^1.2.0
393 silly placeDep ROOT has-symbols@1.1.0 OK for: get-intrinsic@1.3.0 want: ^1.1.0
394 silly placeDep ROOT hasown@2.0.4 OK for: get-intrinsic@1.3.0 want: ^2.0.2
395 silly placeDep ROOT math-intrinsics@1.1.0 OK for: get-intrinsic@1.3.0 want: ^1.1.0
396 silly fetch manifest dunder-proto@^1.0.1
397 silly packumentCache full:https://registry.npmjs.org/dunder-proto cache-miss
398 http fetch GET 200 https://registry.npmjs.org/dunder-proto 287ms (cache miss)
399 silly packumentCache full:https://registry.npmjs.org/dunder-proto set size:undefined disposed:false
400 silly placeDep ROOT dunder-proto@1.0.1 OK for: get-proto@1.0.1 want: ^1.0.1
401 silly placeDep ROOT @socket.io/component-emitter@3.1.2 OK for: socket.io-client@4.8.3 want: ~3.1.0
402 silly placeDep ROOT engine.io-client@6.6.6 OK for: socket.io-client@4.8.3 want: ~6.6.1
403 silly placeDep ROOT socket.io-parser@4.2.6 OK for: socket.io-client@4.8.3 want: ~4.2.4
404 silly fetch manifest ws@~8.21.0
405 silly packumentCache full:https://registry.npmjs.org/ws cache-miss
406 silly fetch manifest engine.io-parser@~5.2.1
407 silly packumentCache full:https://registry.npmjs.org/engine.io-parser cache-miss
408 silly fetch manifest xmlhttprequest-ssl@~2.1.1
409 silly packumentCache full:https://registry.npmjs.org/xmlhttprequest-ssl cache-miss
410 http fetch GET 200 https://registry.npmjs.org/engine.io-parser 630ms (cache miss)
411 silly packumentCache full:https://registry.npmjs.org/engine.io-parser set size:undefined disposed:false
412 http fetch GET 200 https://registry.npmjs.org/xmlhttprequest-ssl 781ms (cache miss)
413 silly packumentCache full:https://registry.npmjs.org/xmlhttprequest-ssl set size:undefined disposed:false
414 http fetch GET 200 https://registry.npmjs.org/ws 790ms (cache miss)
415 silly packumentCache full:https://registry.npmjs.org/ws set size:undefined disposed:false
416 silly fetch manifest bufferutil@^4.0.1
417 silly packumentCache full:https://registry.npmjs.org/bufferutil cache-miss
418 http fetch GET 200 https://registry.npmjs.org/bufferutil 251ms (cache miss)
419 silly packumentCache full:https://registry.npmjs.org/bufferutil set size:undefined disposed:false
420 silly fetch manifest utf-8-validate@>=5.0.2
421 silly packumentCache full:https://registry.npmjs.org/utf-8-validate cache-miss
422 http fetch GET 200 https://registry.npmjs.org/utf-8-validate 219ms (cache miss)
423 silly packumentCache full:https://registry.npmjs.org/utf-8-validate set size:undefined disposed:false
424 silly placeDep ROOT engine.io-parser@5.2.3 OK for: engine.io-client@6.6.6 want: ~5.2.1
425 silly placeDep ROOT ws@8.21.0 OK for: engine.io-client@6.6.6 want: ~8.21.0
426 silly placeDep ROOT xmlhttprequest-ssl@2.1.2 OK for: engine.io-client@6.6.6 want: ~2.1.1
427 silly placeDep node_modules/type-is content-type@2.0.0 OK for: type-is@2.1.0 want: ^2.0.0
428 silly placeDep ROOT media-typer@1.1.0 OK for: type-is@2.1.0 want: ^1.1.0
429 silly reify mark retired [ 'F:\\Hub\\node_modules\\body-parser' ]
430 silly reify mark retired [ 'F:\\Hub\\node_modules\\engine.io-client' ]
431 silly reify mark retired [ 'F:\\Hub\\node_modules\\iconv-lite' ]
432 silly reify mark retired [ 'F:\\Hub\\node_modules\\qs' ]
433 silly reify mark retired [ 'F:\\Hub\\node_modules\\range-parser' ]
434 silly reify mark retired [ 'F:\\Hub\\node_modules\\ws' ]
435 silly reify moves {
435 silly reify   'F:\\Hub\\node_modules\\body-parser': 'F:\\Hub\\node_modules\\.body-parser-eNrcAIKL',
435 silly reify   'F:\\Hub\\node_modules\\engine.io-client': 'F:\\Hub\\node_modules\\.engine.io-client-6rCLtRur',
435 silly reify   'F:\\Hub\\node_modules\\iconv-lite': 'F:\\Hub\\node_modules\\.iconv-lite-LMm8Ht8v',
435 silly reify   'F:\\Hub\\node_modules\\qs': 'F:\\Hub\\node_modules\\.qs-ywEZjdOx',
435 silly reify   'F:\\Hub\\node_modules\\range-parser': 'F:\\Hub\\node_modules\\.range-parser-naXY5YSb',
435 silly reify   'F:\\Hub\\node_modules\\ws': 'F:\\Hub\\node_modules\\.ws-tTjzJLib'
435 silly reify }
436 silly audit bulk request {
436 silly audit   express: [ '5.2.1' ],
436 silly audit   'socket.io-client': [ '4.8.3' ],
436 silly audit   accepts: [ '2.0.0' ],
436 silly audit   'body-parser': [ '2.3.0' ],
436 silly audit   'content-disposition': [ '1.1.0' ],
436 silly audit   'content-type': [ '1.0.5', '2.0.0' ],
436 silly audit   cookie: [ '0.7.2' ],
436 silly audit   'cookie-signature': [ '1.2.2' ],
436 silly audit   debug: [ '4.4.3' ],
436 silly audit   depd: [ '2.0.0' ],
436 silly audit   encodeurl: [ '2.0.0' ],
436 silly audit   'escape-html': [ '1.0.3' ],
436 silly audit   etag: [ '1.8.1' ],
436 silly audit   finalhandler: [ '2.1.1' ],
436 silly audit   fresh: [ '2.0.0' ],
436 silly audit   'http-errors': [ '2.0.1' ],
436 silly audit   'merge-descriptors': [ '2.0.0' ],
436 silly audit   'mime-types': [ '3.0.2' ],
436 silly audit   'on-finished': [ '2.4.1' ],
436 silly audit   once: [ '1.4.0' ],
436 silly audit   parseurl: [ '1.3.3' ],
436 silly audit   'proxy-addr': [ '2.0.7' ],
436 silly audit   qs: [ '6.15.3' ],
436 silly audit   'range-parser': [ '1.3.0' ],
436 silly audit   router: [ '2.2.0' ],
436 silly audit   send: [ '1.2.1' ],
436 silly audit   'serve-static': [ '2.2.1' ],
436 silly audit   statuses: [ '2.0.2' ],
436 silly audit   'type-is': [ '2.1.0' ],
436 silly audit   vary: [ '1.1.2' ],
436 silly audit   negotiator: [ '1.0.0' ],
436 silly audit   bytes: [ '3.1.2' ],
436 silly audit   'iconv-lite': [ '0.7.3' ],
436 silly audit   'raw-body': [ '3.0.2' ],
436 silly audit   ms: [ '2.1.3' ],
436 silly audit   inherits: [ '2.0.4' ],
436 silly audit   setprototypeof: [ '1.2.0' ],
436 silly audit   toidentifier: [ '1.0.1' ],
436 silly audit   'safer-buffer': [ '2.1.2' ],
436 silly audit   'mime-db': [ '1.54.0' ],
436 silly audit   'ee-first': [ '1.1.1' ],
436 silly audit   wrappy: [ '1.0.2' ],
436 silly audit   forwarded: [ '0.2.0' ],
436 silly audit   'ipaddr.js': [ '1.9.1' ],
436 silly audit   'es-define-property': [ '1.0.1' ],
436 silly audit   'side-channel': [ '1.1.1' ],
436 silly audit   unpipe: [ '1.0.0' ],
436 silly audit   'is-promise': [ '4.0.0' ],
436 silly audit   'path-to-regexp': [ '8.4.2' ],
436 silly audit   'es-errors': [ '1.3.0' ],
436 silly audit   'object-inspect': [ '1.13.4' ],
436 silly audit   'side-channel-list': [ '1.0.1' ],
436 silly audit   'side-channel-map': [ '1.0.1' ],
436 silly audit   'side-channel-weakmap': [ '1.0.2' ],
436 silly audit   'call-bound': [ '1.0.4' ],
436 silly audit   'get-intrinsic': [ '1.3.0' ],
436 silly audit   'call-bind-apply-helpers': [ '1.0.2' ],
436 silly audit   'function-bind': [ '1.1.2' ],
436 silly audit   'es-object-atoms': [ '1.1.2' ],
436 silly audit   'get-proto': [ '1.0.1' ],
436 silly audit   gopd: [ '1.2.0' ],
436 silly audit   'has-symbols': [ '1.1.0' ],
436 silly audit   hasown: [ '2.0.4' ],
436 silly audit   'math-intrinsics': [ '1.1.0' ],
436 silly audit   'dunder-proto': [ '1.0.1' ],
436 silly audit   '@socket.io/component-emitter': [ '3.1.2' ],
436 silly audit   'engine.io-client': [ '6.6.6' ],
436 silly audit   'socket.io-parser': [ '4.2.6' ],
436 silly audit   'engine.io-parser': [ '5.2.3' ],
436 silly audit   ws: [ '8.21.0' ],
436 silly audit   'xmlhttprequest-ssl': [ '2.1.2' ],
436 silly audit   'media-typer': [ '1.1.0' ]
436 silly audit }
437 http cache ws@https://registry.npmjs.org/ws/-/ws-8.21.0.tgz 0ms (cache hit)
438 http cache qs@https://registry.npmjs.org/qs/-/qs-6.15.3.tgz 0ms (cache hit)
439 http cache range-parser@https://registry.npmjs.org/range-parser/-/range-parser-1.3.0.tgz 1ms (cache hit)
440 http cache iconv-lite@https://registry.npmjs.org/iconv-lite/-/iconv-lite-0.7.3.tgz 0ms (cache hit)
441 http cache body-parser@https://registry.npmjs.org/body-parser/-/body-parser-2.3.0.tgz 0ms (cache hit)
442 http cache engine.io-client@https://registry.npmjs.org/engine.io-client/-/engine.io-client-6.6.6.tgz 0ms (cache hit)
443 http cache content-type@https://registry.npmjs.org/content-type/-/content-type-2.0.0.tgz 0ms (cache hit)
444 silly tarball no local data for ws@https://registry.npmjs.org/ws/-/ws-8.21.0.tgz. Extracting by manifest.
445 silly tarball no local data for qs@https://registry.npmjs.org/qs/-/qs-6.15.3.tgz. Extracting by manifest.
446 silly tarball no local data for range-parser@https://registry.npmjs.org/range-parser/-/range-parser-1.3.0.tgz. Extracting by manifest.
447 silly tarball no local data for iconv-lite@https://registry.npmjs.org/iconv-lite/-/iconv-lite-0.7.3.tgz. Extracting by manifest.
448 silly tarball no local data for body-parser@https://registry.npmjs.org/body-parser/-/body-parser-2.3.0.tgz. Extracting by manifest.
449 silly tarball no local data for engine.io-client@https://registry.npmjs.org/engine.io-client/-/engine.io-client-6.6.6.tgz. Extracting by manifest.
450 silly tarball no local data for content-type@https://registry.npmjs.org/content-type/-/content-type-2.0.0.tgz. Extracting by manifest.
451 http fetch POST 200 https://registry.npmjs.org/-/npm/v1/security/advisories/bulk 379ms
452 silly audit report {}
453 http fetch GET 200 https://registry.npmjs.org/range-parser/-/range-parser-1.3.0.tgz 1445ms (cache miss)
454 http fetch GET 200 https://registry.npmjs.org/content-type/-/content-type-2.0.0.tgz 1614ms (cache miss)
455 http fetch GET 200 https://registry.npmjs.org/body-parser/-/body-parser-2.3.0.tgz 2455ms (cache miss)
456 http fetch GET 200 https://registry.npmjs.org/ws/-/ws-8.21.0.tgz 5061ms (cache miss)
457 http fetch GET 200 https://registry.npmjs.org/qs/-/qs-6.15.3.tgz 5388ms (cache miss)
458 http fetch GET 200 https://registry.npmjs.org/iconv-lite/-/iconv-lite-0.7.3.tgz 5494ms (cache miss)
459 http fetch GET 200 https://registry.npmjs.org/engine.io-client/-/engine.io-client-6.6.6.tgz 8542ms (cache miss)
460 silly CHANGE node_modules/ws
461 silly CHANGE node_modules/range-parser
462 silly CHANGE node_modules/qs
463 silly CHANGE node_modules/iconv-lite
464 silly CHANGE node_modules/engine.io-client
465 silly CHANGE node_modules/body-parser
466 silly ADD node_modules/body-parser/node_modules/content-type
467 verbose cwd F:\Hub
468 verbose os Windows_NT 10.0.26200
469 verbose node v22.14.0
470 verbose npm  v11.2.0
471 notice
471 notice New minor version of npm available! 11.2.0 -> 11.18.0
471 notice Changelog: https://github.com/npm/cli/releases/tag/v11.18.0
471 notice To update run: npm install -g npm@11.18.0
471 notice  { force: true, [Symbol(proc-log.meta)]: true }
472 verbose exit 0
473 info ok
